<?xml version="1.0" encoding="UTF-8" standalone="yes"?><!DOCTYPE report PUBLIC "-//JACOCO//DTD Report 1.1//EN" "report.dtd"><report name="sample"><sessioninfo id="Shivu-5061f30a" start="1775654800083" dump="1775654802371"/><package name="com/bnmit"><class name="com/bnmit/Calculator" sourcefilename="Calculator.java"><method name="&lt;init&gt;" desc="()V" line="3"><counter type="INSTRUCTION" missed="0" covered="3"/><counter type="LINE" missed="0" covered="1"/><counter type="COMPLEXITY" missed="0" covered="1"/><counter type="METHOD" missed="0" covered="1"/></method><method name="add" desc="(II)I" line="6"><counter type="INSTRUCTION" missed="0" covered="4"/><counter type="LINE" missed="0" covered="1"/><counter type="COMPLEXITY" missed="0" covered="1"/><counter type="METHOD" missed="0" covered="1"/></method><method name="subtract" desc="(II)I" line="10"><counter type="INSTRUCTION" missed="4" covered="0"/><counter type="LINE" missed="1" covered="0"/><counter type="COMPLEXITY" missed="1" covered="0"/><counter type="METHOD" missed="1" covered="0"/></method><method name="multiply" desc="(II)I" line="14"><counter type="INSTRUCTION" missed="0" covered="4"/><counter type="LINE" missed="0" covered="1"/><counter type="COMPLEXITY" missed="0" covered="1"/><counter type="METHOD" missed="0" covered="1"/></method><method name="divide" desc="(II)D" line="18"><counter type="INSTRUCTION" missed="6" covered="7"/><counter type="BRANCH" missed="1" covered="1"/><counter type="LINE" missed="1" covered="2"/><counter type="COMPLEXITY" missed="1" covered="1"/><counter type="METHOD" missed="0" covered="1"/></method><counter type="INSTRUCTION" missed="10" covered="18"/><counter type="BRANCH" missed="1" covered="1"/><counter type="LINE" missed="2" covered="5"/><counter type="COMPLEXITY" missed="2" covered="4"/><counter type="METHOD" missed="1" covered="4"/><counter type="CLASS" missed="0" covered="1"/></class><sourcefile name="Calculator.java"><line nr="3" mi="0" ci="3" mb="0" cb="0"/><line nr="6" mi="0" ci="4" mb="0" cb="0"/><line nr="10" mi="4" ci="0" mb="0" cb="0"/><line nr="14" mi="0" ci="4" mb="0" cb="0"/><line nr="18" mi="0" ci="2" mb="1" cb="1"/><line nr="19" mi="0" ci="5" mb="0" cb="0"/><line nr="21" mi="6" ci="0" mb="0" cb="0"/><counter type="INSTRUCTION" missed="10" covered="18"/><counter type="BRANCH" missed="1" covered="1"/><counter type="LINE" missed="2" covered="5"/><counter type="COMPLEXITY" missed="2" covered="4"/><counter type="METHOD" missed="1" covered="4"/><counter type="CLASS" missed="0" covered="1"/></sourcefile><counter type="INSTRUCTION" missed="10" covered="18"/><counter type="BRANCH" missed="1" covered="1"/><counter type="LINE" missed="2" covered="5"/><counter type="COMPLEXITY" missed="2" covered="4"/><counter type="METHOD" missed="1" covered="4"/><counter type="CLASS" missed="0" covered="1"/></package><counter type="INSTRUCTION" missed="10" covered="18"/><counter type="BRANCH" missed="1" covered="1"/><counter type="LINE" missed="2" covered="5"/><counter type="COMPLEXITY" missed="2" covered="4"/><counter type="METHOD" missed="1" covered="4"/><counter type="CLASS" missed="0" covered="1"/></report>